rocketmanblamb@BriansMPr201553:~/Dropbox/Development/ACRPython/acrcloud_sdk_python [master|✔]$ sudo python3 setup.py install
Password:
running install
running bdist_egg
running egg_info
creating mac/x86-64/python3/pyacrcloud.egg-info
writing ./mac/x86-64/python3/pyacrcloud.egg-info/PKG-INFO
writing dependency_links to ./mac/x86-64/python3/pyacrcloud.egg-info/dependency_links.txt
writing top-level names to ./mac/x86-64/python3/pyacrcloud.egg-info/top_level.txt
writing manifest file './mac/x86-64/python3/pyacrcloud.egg-info/SOURCES.txt'
reading manifest file './mac/x86-64/python3/pyacrcloud.egg-info/SOURCES.txt'
writing manifest file './mac/x86-64/python3/pyacrcloud.egg-info/SOURCES.txt'
installing library code to build/bdist.macosx-10.14-x86_64/egg
running install_lib
running build_py
creating build
creating build/lib
creating build/lib/acrcloud
copying ./mac/x86-64/python3/acrcloud/recognizer.py -> build/lib/acrcloud
copying ./mac/x86-64/python3/acrcloud/__init__.py -> build/lib/acrcloud
copying ./mac/x86-64/python3/acrcloud/acrcloud_extr_tool.so -> build/lib/acrcloud
creating build/bdist.macosx-10.14-x86_64
creating build/bdist.macosx-10.14-x86_64/egg
creating build/bdist.macosx-10.14-x86_64/egg/acrcloud
copying build/lib/acrcloud/acrcloud_extr_tool.so -> build/bdist.macosx-10.14-x86_64/egg/acrcloud
copying build/lib/acrcloud/recognizer.py -> build/bdist.macosx-10.14-x86_64/egg/acrcloud
copying build/lib/acrcloud/__init__.py -> build/bdist.macosx-10.14-x86_64/egg/acrcloud
byte-compiling build/bdist.macosx-10.14-x86_64/egg/acrcloud/recognizer.py to recognizer.cpython-38.pyc
byte-compiling build/bdist.macosx-10.14-x86_64/egg/acrcloud/__init__.py to __init__.cpython-38.pyc
creating build/bdist.macosx-10.14-x86_64/egg/EGG-INFO
writing build/bdist.macosx-10.14-x86_64/egg/EGG-INFO/native_libs.txt
creating dist
creating 'dist/pyacrcloud-1.0.1-py3.8.egg' and adding 'build/bdist.macosx-10.14-x86_64/egg' to it
removing 'build/bdist.macosx-10.14-x86_64/egg' (and everything under it)
Processing pyacrcloud-1.0.1-py3.8.egg
creating /usr/local/lib/python3.8/site-packages/pyacrcloud-1.0.1-py3.8.egg
Extracting pyacrcloud-1.0.1-py3.8.egg to /usr/local/lib/python3.8/site-packages
Adding pyacrcloud 1.0.1 to easy-install.pth file

Installed /usr/local/lib/python3.8/site-packages/pyacrcloud-1.0.1-py3.8.egg
Processing dependencies for pyacrcloud==1.0.1
Finished processing dependencies for pyacrcloud==1.0.1
